P16 assembler v1.5 (Feb  9 2024)	lab01.lst	Wed Mar 06 22:11:48 2024

Sections
Index   Name            Address   Size
0       .text           0000      0014 20

Symbols
Name                    Type      Value       Section
line#24                 LABEL     0012 18     .text
while                   LABEL     0006 6      .text
while_end               LABEL     0012 18     .text

Code listing
   1           	; -----------------------------------------------------------------------------
   2           	; Ficheiro:  lab01.S
   3           	; Descricao: Codigo de suporte a realizacao da 1a atividade laboratorial de AC.
   4           	; Autor:     Tiago M Dias (tiago.dias@isel.pt)
   5           	; Data:      11-03-2022
   6           	; -----------------------------------------------------------------------------
   7           	
   8           		; r0 guarda o valor da variavel M
   9           		; r1 guarda o valor da variavel m
  10           		; r2 guarda o valor da variavel p
  11           		; r3 e utilizado para guardar valores temporariamente
  12           		
  13 0000 02 60		mov r2, #0		; p = 0
  14 0002 24 88		sub r4, r2, r0 	; r0 is M
  15 0004 06 40		beq while_end  ; if (M == 0) terminate
  16           	while:
  17 0006 03 60		mov r3, #0		; to use a temp 0 in the next comparisson
  18 0008 B0 B8		cmp r3, r1		; r1 is m
  19 000A 03 48		bhs while_end  ; while (0 > m)
  20 000C 22 80		add r2, r2, r0	; p = p + M
  21 000E 91 A8		sub r1, r1, #1	; m--
  22 0010 FA 5B		b   while		; jump to while
  23           	while_end:
  24 0012 FF 5B		b   .			; stay here
  25           	
      	
